# JRE version: OpenJDK Runtime Environment (8.0_242-b01) (build 1.8.0_242-release-1644-b01)
# Java VM: OpenJDK 64-Bit Server VM (25.242-b01 mixed mode windows-amd64 compressed oops)
Heap:
 PSYoungGen      total 451584K, used 76628K [0x00000000d5580000, 0x00000000fd400000, 0x0000000100000000)
  eden space 406016K, 7% used [0x00000000d5580000,0x00000000d73d8088,0x00000000ee200000)
  from space 45568K, 99% used [0x00000000f1b00000,0x00000000f477d0a8,0x00000000f4780000)
  to   space 58368K, 0% used [0x00000000ee200000,0x00000000ee200000,0x00000000f1b00000)
 ParOldGen       total 175104K, used 73017K [0x0000000080000000, 0x000000008ab00000, 0x00000000d5580000)
  object space 175104K, 41% used [0x0000000080000000,0x000000008474e540,0x000000008ab00000)
 Metaspace       used 102039K, capacity 107530K, committed 107864K, reserved 1142784K
  class space    used 13524K, capacity 14602K, committed 14720K, reserved 1048576K
GC Heap History (10 events):
Event: 56.629 GC heap before
{Heap before GC invocations=12 (full 3):
 PSYoungGen      total 358400K, used 338944K [0x00000000d5580000, 0x00000000ed300000, 0x0000000100000000)
  eden space 338944K, 100% used [0x00000000d5580000,0x00000000ea080000,0x00000000ea080000)
  from space 19456K, 0% used [0x00000000ec000000,0x00000000ec000000,0x00000000ed300000)
  to   space 25600K, 0% used [0x00000000ea100000,0x00000000ea100000,0x00000000eba00000)
 ParOldGen       total 117760K, used 37642K [0x0000000080000000, 0x0000000087300000, 0x00000000d5580000)
  object space 117760K, 31% used [0x0000000080000000,0x00000000824c2b10,0x0000000087300000)
 Metaspace       used 75390K, capacity 79148K, committed 79320K, reserved 1118208K
  class space    used 10252K, capacity 10995K, committed 11008K, reserved 1048576K
Event: 56.653 GC heap after
Heap after GC invocations=12 (full 3):
 PSYoungGen      total 365056K, used 25574K [0x00000000d5580000, 0x00000000f4d00000, 0x0000000100000000)
  eden space 339456K, 0% used [0x00000000d5580000,0x00000000d5580000,0x00000000ea100000)
  from space 25600K, 99% used [0x00000000ea100000,0x00000000eb9f9b20,0x00000000eba00000)
  to   space 31744K, 0% used [0x00000000f2e00000,0x00000000f2e00000,0x00000000f4d00000)
 ParOldGen       total 117760K, used 43060K [0x0000000080000000, 0x0000000087300000, 0x00000000d5580000)
  object space 117760K, 36% used [0x0000000080000000,0x0000000082a0d368,0x0000000087300000)
 Metaspace       used 75390K, capacity 79148K, committed 79320K, reserved 1118208K
  class space    used 10252K, capacity 10995K, committed 11008K, reserved 1048576K
}
Event: 1931.397 GC heap before
{Heap before GC invocations=13 (full 3):
 PSYoungGen      total 365056K, used 365030K [0x00000000d5580000, 0x00000000f4d00000, 0x0000000100000000)
  eden space 339456K, 100% used [0x00000000d5580000,0x00000000ea100000,0x00000000ea100000)
  from space 25600K, 99% used [0x00000000ea100000,0x00000000eb9f9b20,0x00000000eba00000)
  to   space 31744K, 0% used [0x00000000f2e00000,0x00000000f2e00000,0x00000000f4d00000)
 ParOldGen       total 117760K, used 43060K [0x0000000080000000, 0x0000000087300000, 0x00000000d5580000)
  object space 117760K, 36% used [0x0000000080000000,0x0000000082a0d368,0x0000000087300000)
 Metaspace       used 89714K, capacity 94278K, committed 94424K, reserved 1130496K
  class space    used 11865K, capacity 12772K, committed 12800K, reserved 1048576K
Event: 1931.430 GC heap after
Heap after GC invocations=13 (full 3):
 PSYoungGen      total 468992K, used 31723K [0x00000000d5580000, 0x00000000f5c00000, 0x0000000100000000)
  eden space 437248K, 0% used [0x00000000d5580000,0x00000000d5580000,0x00000000f0080000)
  from space 31744K, 99% used [0x00000000f2e00000,0x00000000f4cfaeb0,0x00000000f4d00000)
  to   space 46592K, 0% used [0x00000000f0080000,0x00000000f0080000,0x00000000f2e00000)
 ParOldGen       total 117760K, used 69132K [0x0000000080000000, 0x0000000087300000, 0x00000000d5580000)
  object space 117760K, 58% used [0x0000000080000000,0x0000000084383360,0x0000000087300000)
 Metaspace       used 89714K, capacity 94278K, committed 94424K, reserved 1130496K
  class space    used 11865K, capacity 12772K, committed 12800K, reserved 1048576K
}
Event: 1940.290 GC heap before
{Heap before GC invocations=14 (full 3):
 PSYoungGen      total 468992K, used 146608K [0x00000000d5580000, 0x00000000f5c00000, 0x0000000100000000)
  eden space 437248K, 26% used [0x00000000d5580000,0x00000000dc5b1530,0x00000000f0080000)
  from space 31744K, 99% used [0x00000000f2e00000,0x00000000f4cfaeb0,0x00000000f4d00000)
  to   space 46592K, 0% used [0x00000000f0080000,0x00000000f0080000,0x00000000f2e00000)
 ParOldGen       total 117760K, used 69132K [0x0000000080000000, 0x0000000087300000, 0x00000000d5580000)
  object space 117760K, 58% used [0x0000000080000000,0x0000000084383360,0x0000000087300000)
 Metaspace       used 93651K, capacity 98302K, committed 98380K, reserved 1134592K
  class space    used 12300K, capacity 13256K, committed 13312K, reserved 1048576K
Event: 1940.320 GC heap after
Heap after GC invocations=14 (full 3):
 PSYoungGen      total 426496K, used 7338K [0x00000000d5580000, 0x00000000f4780000, 0x0000000100000000)
  eden space 418816K, 0% used [0x00000000d5580000,0x00000000d5580000,0x00000000eee80000)
  from space 7680K, 95% used [0x00000000f0080000,0x00000000f07aaae0,0x00000000f0800000)
  to   space 45568K, 0% used [0x00000000f1b00000,0x00000000f1b00000,0x00000000f4780000)
 ParOldGen       total 117760K, used 100392K [0x0000000080000000, 0x0000000087300000, 0x00000000d5580000)
  object space 117760K, 85% used [0x0000000080000000,0x000000008620a000,0x0000000087300000)
 Metaspace       used 93651K, capacity 98302K, committed 98380K, reserved 1134592K
  class space    used 12300K, capacity 13256K, committed 13312K, reserved 1048576K
}
Event: 1940.320 GC heap before
{Heap before GC invocations=15 (full 4):
 PSYoungGen      total 426496K, used 7338K [0x00000000d5580000, 0x00000000f4780000, 0x0000000100000000)
  eden space 418816K, 0% used [0x00000000d5580000,0x00000000d5580000,0x00000000eee80000)
  from space 7680K, 95% used [0x00000000f0080000,0x00000000f07aaae0,0x00000000f0800000)
  to   space 45568K, 0% used [0x00000000f1b00000,0x00000000f1b00000,0x00000000f4780000)
 ParOldGen       total 117760K, used 100392K [0x0000000080000000, 0x0000000087300000, 0x00000000d5580000)
  object space 117760K, 85% used [0x0000000080000000,0x000000008620a000,0x0000000087300000)
 Metaspace       used 93651K, capacity 98302K, committed 98380K, reserved 1134592K
  class space    used 12300K, capacity 13256K, committed 13312K, reserved 1048576K
Event: 1940.465 GC heap after
Heap after GC invocations=15 (full 4):
 PSYoungGen      total 426496K, used 0K [0x00000000d5580000, 0x00000000f4780000, 0x0000000100000000)
  eden space 418816K, 0% used [0x00000000d5580000,0x00000000d5580000,0x00000000eee80000)
  from space 7680K, 0% used [0x00000000f0080000,0x00000000f0080000,0x00000000f0800000)
  to   space 45568K, 0% used [0x00000000f1b00000,0x00000000f1b00000,0x00000000f4780000)
 ParOldGen       total 175104K, used 58282K [0x0000000080000000, 0x000000008ab00000, 0x00000000d5580000)
  object space 175104K, 33% used [0x0000000080000000,0x00000000838eab98,0x000000008ab00000)
 Metaspace       used 93463K, capacity 97728K, committed 98380K, reserved 1134592K
  class space    used 12245K, capacity 13159K, committed 13312K, reserved 1048576K
}
Event: 1953.309 GC heap before
{Heap before GC invocations=16 (full 4):
 PSYoungGen      total 426496K, used 416327K [0x00000000d5580000, 0x00000000f4780000, 0x0000000100000000)
  eden space 418816K, 99% used [0x00000000d5580000,0x00000000eec11ed8,0x00000000eee80000)
  from space 7680K, 0% used [0x00000000f0080000,0x00000000f0080000,0x00000000f0800000)
  to   space 45568K, 0% used [0x00000000f1b00000,0x00000000f1b00000,0x00000000f4780000)
 ParOldGen       total 175104K, used 58282K [0x0000000080000000, 0x000000008ab00000, 0x00000000d5580000)
  object space 175104K, 33% used [0x0000000080000000,0x00000000838eab98,0x000000008ab00000)
 Metaspace       used 101734K, capacity 107104K, committed 107224K, reserved 1142784K
  class space    used 13486K, capacity 14525K, committed 14592K, reserved 1048576K
Event: 1953.363 GC heap after
Heap after GC invocations=16 (full 4):
 PSYoungGen      total 451584K, used 45556K [0x00000000d5580000, 0x00000000fd400000, 0x0000000100000000)
  eden space 406016K, 0% used [0x00000000d5580000,0x00000000d5580000,0x00000000ee200000)
  from space 45568K, 99% used [0x00000000f1b00000,0x00000000f477d0a8,0x00000000f4780000)
  to   space 58368K, 0% used [0x00000000ee200000,0x00000000ee200000,0x00000000f1b00000)
 ParOldGen       total 175104K, used 73017K [0x0000000080000000, 0x000000008ab00000, 0x00000000d5580000)
  object space 175104K, 41% used [0x0000000080000000,0x000000008474e540,0x000000008ab00000)
 Metaspace       used 101734K, capacity 107104K, committed 107224K, reserved 1142784K
  class space    used 13486K, capacity 14525K, committed 14592K, reserved 1048576K
}

